<?xml version="1.0" encoding="UTF-8"?>
<!-- Generated by org.testng.reporters.JUnitReportReporter -->
<testsuite hostname="DESKTOP-OJ1KLDU" failures="0" tests="1" name="testClasses.NoBrokerApplication" time="86.460" errors="0" timestamp="2020-08-15T18:39:44 IST" skipped="0">
  <testcase classname="testClasses.NoBrokerApplication" name="verifyAbuseReport" time="86.460"/>
  <system-out/>
</testsuite> <!-- testClasses.NoBrokerApplication -->
